<?xml version="1.0" encoding="UTF-8"?>
<!-- Generated by org.testng.reporters.JUnitReportReporter -->
<testsuite skipped="0" hostname="DESKTOP-6O5RJI4" name="com.qa.concepts.Testt" tests="3" failures="0" timestamp="2023-07-27T23:17:11 IST" time="0.000" errors="0">
  <testcase name="Test2" time="0.000" classname="com.qa.concepts.Testt"/>
  <system-out/>
  <testcase name="Test2" time="0.000" classname="com.qa.concepts.Testt"/>
  <system-out/>
  <testcase name="Test2" time="0.000" classname="com.qa.concepts.Testt"/>
  <system-out/>
</testsuite> <!-- com.qa.concepts.Testt -->
