<?xml version="1.0" encoding="UTF-8"?>
<!-- Generated by org.testng.reporters.JUnitReportReporter -->
<testsuite skipped="0" hostname="DESKTOP-6O5RJI4" name="com.qa.concepts.DataProviderTest" tests="3" failures="0" timestamp="2022-05-22T00:06:29 IST" time="0.000" errors="0">
  <testcase name="loginTest" time="0.000" classname="com.qa.concepts.DataProviderTest"/>
  <system-out/>
  <testcase name="loginTest" time="0.000" classname="com.qa.concepts.DataProviderTest"/>
  <system-out/>
  <testcase name="loginTest" time="0.000" classname="com.qa.concepts.DataProviderTest"/>
  <system-out/>
</testsuite> <!-- com.qa.concepts.DataProviderTest -->
