<?xml version="1.0" encoding="UTF-8"?>
<!-- Generated by org.testng.reporters.JUnitReportReporter -->
<testsuite skipped="0" hostname="INCHELAP7PWG4D3" name="com.qa.concepts.DataProviderTest" tests="3" failures="0" timestamp="2022-03-08T22:21:55 IST" time="0.009" errors="0">
  <testcase name="loginTest" time="0.007" classname="com.qa.concepts.DataProviderTest"/>
  <system-out/>
  <testcase name="loginTest" time="0.001" classname="com.qa.concepts.DataProviderTest"/>
  <system-out/>
  <testcase name="loginTest" time="0.001" classname="com.qa.concepts.DataProviderTest"/>
  <system-out/>
</testsuite> <!-- com.qa.concepts.DataProviderTest -->
