<?xml version="1.0" encoding="UTF-8"?>
<!-- Generated by org.testng.reporters.JUnitReportReporter -->
<testsuite skipped="0" hostname="INCHELAP7PWG4D3" name="com.qa.concepts.Testt" tests="3" failures="0" timestamp="2021-10-20T21:54:12 IST" time="0.000" errors="0">
  <testcase name="loginTest" time="0.000" classname="com.qa.concepts.Testt"/>
  <system-out/>
  <testcase name="loginTest" time="0.000" classname="com.qa.concepts.Testt"/>
  <system-out/>
  <testcase name="loginTest" time="0.000" classname="com.qa.concepts.Testt"/>
  <system-out/>
</testsuite> <!-- com.qa.concepts.Testt -->
